18-Dec-22 01:02:45 - ERROR - Invalid subject codes. Try editing the subjects.txt file
18-Dec-22 01:02:50 - ERROR - Invalid subject codes. Try editing the subjects.txt file
18-Dec-22 01:02:50 - ERROR - LOGIN ISSUE
18-Dec-22 01:02:50 - ERROR - LOGIN ISSUE
18-Dec-22 01:02:50 - ERROR - LOGIN ISSUE
18-Dec-22 01:02:50 - ERROR - LOGIN ISSUE
18-Dec-22 01:02:50 - ERROR - LOGIN ISSUE
18-Dec-22 01:02:50 - ERROR - LOGIN ISSUE
18-Dec-22 01:02:50 - ERROR - LOGIN ISSUE
18-Dec-22 01:02:50 - ERROR - LOGIN ISSUE
18-Dec-22 01:02:50 - ERROR - LOGIN ISSUE
18-Dec-22 01:02:50 - ERROR - LOGIN ISSUE
18-Dec-22 01:02:50 - ERROR - LOGIN ISSUE
18-Dec-22 01:02:50 - ERROR - LOGIN ISSUE
18-Dec-22 01:02:50 - ERROR - LOGIN ISSUE
18-Dec-22 01:02:50 - ERROR - LOGIN ISSUE
18-Dec-22 01:02:50 - ERROR - LOGIN ISSUE
18-Dec-22 01:02:50 - ERROR - LOGIN ISSUE
18-Dec-22 01:02:50 - ERROR - LOGIN ISSUE
18-Dec-22 01:02:50 - ERROR - LOGIN ISSUE
18-Dec-22 01:02:50 - ERROR - LOGIN ISSUE
18-Dec-22 01:02:50 - ERROR - LOGIN ISSUE
18-Dec-22 01:02:50 - ERROR - LOGIN ISSUE
18-Dec-22 01:02:50 - ERROR - LOGIN ISSUE
18-Dec-22 01:02:50 - ERROR - LOGIN ISSUE
18-Dec-22 01:02:50 - ERROR - LOGIN ISSUE
18-Dec-22 01:02:50 - ERROR - LOGIN ISSUE
18-Dec-22 01:02:50 - ERROR - LOGIN ISSUE
18-Dec-22 01:02:50 - ERROR - LOGIN ISSUE
18-Dec-22 01:02:50 - ERROR - LOGIN ISSUE
18-Dec-22 01:02:50 - ERROR - LOGIN ISSUE
18-Dec-22 01:02:50 - ERROR - LOGIN ISSUE
18-Dec-22 01:02:50 - ERROR - LOGIN ISSUE
18-Dec-22 01:02:50 - ERROR - LOGIN ISSUE
18-Dec-22 01:02:50 - ERROR - LOGIN ISSUE
18-Dec-22 01:02:50 - ERROR - LOGIN ISSUE
18-Dec-22 01:02:50 - ERROR - LOGIN ISSUE
18-Dec-22 01:02:50 - ERROR - LOGIN ISSUE
18-Dec-22 01:02:50 - ERROR - LOGIN ISSUE
18-Dec-22 01:02:50 - ERROR - LOGIN ISSUE
18-Dec-22 01:02:50 - ERROR - LOGIN ISSUE
18-Dec-22 01:02:50 - ERROR - LOGIN ISSUE
18-Dec-22 01:02:50 - ERROR - LOGIN ISSUE
18-Dec-22 01:02:50 - ERROR - LOGIN ISSUE
18-Dec-22 01:02:50 - ERROR - LOGIN ISSUE
18-Dec-22 01:02:50 - ERROR - LOGIN ISSUE
18-Dec-22 01:02:50 - ERROR - LOGIN ISSUE
18-Dec-22 01:02:50 - ERROR - LOGIN ISSUE
18-Dec-22 01:02:50 - ERROR - LOGIN ISSUE
18-Dec-22 01:02:50 - ERROR - LOGIN ISSUE
18-Dec-22 01:02:50 - ERROR - LOGIN ISSUE
18-Dec-22 01:02:50 - ERROR - LOGIN ISSUE
18-Dec-22 01:02:50 - ERROR - LOGIN ISSUE
18-Dec-22 01:02:50 - ERROR - LOGIN ISSUE
18-Dec-22 01:02:50 - ERROR - LOGIN ISSUE
18-Dec-22 01:02:50 - ERROR - LOGIN ISSUE
18-Dec-22 01:02:50 - ERROR - LOGIN ISSUE
18-Dec-22 01:02:50 - ERROR - LOGIN ISSUE
18-Dec-22 01:02:50 - ERROR - LOGIN ISSUE
18-Dec-22 01:02:50 - ERROR - LOGIN ISSUE
18-Dec-22 01:02:50 - ERROR - LOGIN ISSUE
18-Dec-22 01:02:50 - ERROR - LOGIN ISSUE
18-Dec-22 01:02:50 - ERROR - LOGIN ISSUE
18-Dec-22 01:02:50 - ERROR - LOGIN ISSUE
18-Dec-22 01:02:50 - ERROR - LOGIN ISSUE
18-Dec-22 01:02:50 - ERROR - LOGIN ISSUE
18-Dec-22 01:02:50 - ERROR - LOGIN ISSUE
18-Dec-22 01:02:50 - ERROR - LOGIN ISSUE
18-Dec-22 01:02:50 - ERROR - LOGIN ISSUE
18-Dec-22 01:02:50 - ERROR - LOGIN ISSUE
18-Dec-22 01:02:50 - ERROR - LOGIN ISSUE
18-Dec-22 01:02:50 - ERROR - LOGIN ISSUE
18-Dec-22 01:02:50 - ERROR - LOGIN ISSUE
18-Dec-22 01:02:50 - ERROR - LOGIN ISSUE
18-Dec-22 01:02:50 - ERROR - LOGIN ISSUE
18-Dec-22 01:02:50 - ERROR - LOGIN ISSUE
18-Dec-22 01:02:50 - ERROR - LOGIN ISSUE
18-Dec-22 01:02:50 - ERROR - LOGIN ISSUE
18-Dec-22 01:02:50 - ERROR - LOGIN ISSUE
18-Dec-22 01:02:50 - ERROR - LOGIN ISSUE
18-Dec-22 01:02:50 - ERROR - LOGIN ISSUE
18-Dec-22 01:02:50 - ERROR - LOGIN ISSUE
18-Dec-22 01:02:50 - ERROR - LOGIN ISSUE
18-Dec-22 01:02:50 - ERROR - LOGIN ISSUE
18-Dec-22 01:02:50 - ERROR - LOGIN ISSUE
18-Dec-22 01:02:50 - ERROR - LOGIN ISSUE
18-Dec-22 01:02:50 - ERROR - LOGIN ISSUE
18-Dec-22 01:02:50 - ERROR - LOGIN ISSUE
18-Dec-22 01:02:50 - ERROR - LOGIN ISSUE
18-Dec-22 01:02:50 - ERROR - LOGIN ISSUE
18-Dec-22 01:02:50 - ERROR - LOGIN ISSUE
18-Dec-22 01:02:50 - ERROR - LOGIN ISSUE
18-Dec-22 01:02:50 - ERROR - LOGIN ISSUE
18-Dec-22 01:02:50 - ERROR - LOGIN ISSUE
18-Dec-22 01:02:50 - ERROR - LOGIN ISSUE
18-Dec-22 01:02:50 - ERROR - LOGIN ISSUE
18-Dec-22 01:02:50 - ERROR - LOGIN ISSUE
18-Dec-22 01:02:50 - ERROR - LOGIN ISSUE
18-Dec-22 01:02:50 - ERROR - LOGIN ISSUE
18-Dec-22 01:02:50 - ERROR - LOGIN ISSUE
18-Dec-22 01:02:50 - ERROR - LOGIN ISSUE
18-Dec-22 01:02:50 - ERROR - LOGIN ISSUE
18-Dec-22 01:02:50 - ERROR - LOGIN ISSUE
18-Dec-22 01:02:50 - ERROR - LOGIN ISSUE
18-Dec-22 01:02:50 - ERROR - LOGIN ISSUE
18-Dec-22 01:02:50 - ERROR - LOGIN ISSUE
18-Dec-22 01:02:50 - ERROR - LOGIN ISSUE
18-Dec-22 01:02:50 - ERROR - LOGIN ISSUE
18-Dec-22 01:02:50 - ERROR - LOGIN ISSUE
18-Dec-22 01:02:50 - ERROR - LOGIN ISSUE
18-Dec-22 01:02:50 - ERROR - LOGIN ISSUE
18-Dec-22 01:02:50 - ERROR - LOGIN ISSUE
18-Dec-22 01:02:50 - ERROR - LOGIN ISSUE
18-Dec-22 01:02:50 - ERROR - LOGIN ISSUE
18-Dec-22 01:02:50 - ERROR - LOGIN ISSUE
18-Dec-22 01:02:50 - ERROR - LOGIN ISSUE
18-Dec-22 01:02:50 - ERROR - LOGIN ISSUE
18-Dec-22 01:02:50 - ERROR - LOGIN ISSUE
18-Dec-22 01:02:50 - ERROR - LOGIN ISSUE
18-Dec-22 01:02:50 - ERROR - LOGIN ISSUE
18-Dec-22 01:02:50 - ERROR - LOGIN ISSUE
18-Dec-22 01:02:50 - ERROR - LOGIN ISSUE
18-Dec-22 01:02:50 - ERROR - LOGIN ISSUE
18-Dec-22 01:02:50 - ERROR - LOGIN ISSUE
18-Dec-22 01:02:50 - ERROR - LOGIN ISSUE
18-Dec-22 01:02:50 - ERROR - LOGIN ISSUE
18-Dec-22 01:02:50 - ERROR - LOGIN ISSUE
18-Dec-22 01:02:50 - ERROR - LOGIN ISSUE
18-Dec-22 01:02:50 - ERROR - LOGIN ISSUE
18-Dec-22 01:02:50 - ERROR - LOGIN ISSUE
18-Dec-22 01:02:50 - ERROR - LOGIN ISSUE
18-Dec-22 01:02:50 - ERROR - LOGIN ISSUE
18-Dec-22 01:02:50 - ERROR - LOGIN ISSUE
18-Dec-22 01:02:50 - ERROR - LOGIN ISSUE
18-Dec-22 01:02:50 - ERROR - LOGIN ISSUE
18-Dec-22 01:02:50 - ERROR - LOGIN ISSUE
18-Dec-22 01:02:50 - ERROR - LOGIN ISSUE
18-Dec-22 01:02:50 - ERROR - LOGIN ISSUE
18-Dec-22 01:02:50 - ERROR - LOGIN ISSUE
18-Dec-22 01:02:50 - ERROR - LOGIN ISSUE
18-Dec-22 01:02:50 - ERROR - LOGIN ISSUE
18-Dec-22 01:02:50 - ERROR - LOGIN ISSUE
18-Dec-22 01:02:50 - ERROR - LOGIN ISSUE
18-Dec-22 01:02:50 - ERROR - LOGIN ISSUE
18-Dec-22 01:02:50 - ERROR - LOGIN ISSUE
18-Dec-22 01:02:50 - ERROR - LOGIN ISSUE
18-Dec-22 01:02:50 - ERROR - LOGIN ISSUE
18-Dec-22 01:02:50 - ERROR - LOGIN ISSUE
18-Dec-22 01:02:50 - ERROR - LOGIN ISSUE
18-Dec-22 01:02:50 - ERROR - LOGIN ISSUE
18-Dec-22 01:02:50 - ERROR - LOGIN ISSUE
18-Dec-22 01:02:50 - ERROR - LOGIN ISSUE
18-Dec-22 01:02:50 - ERROR - LOGIN ISSUE
18-Dec-22 01:02:50 - ERROR - LOGIN ISSUE
18-Dec-22 01:02:50 - ERROR - LOGIN ISSUE
18-Dec-22 01:02:50 - ERROR - LOGIN ISSUE
18-Dec-22 01:02:50 - ERROR - LOGIN ISSUE
18-Dec-22 01:02:50 - ERROR - LOGIN ISSUE
18-Dec-22 01:02:50 - ERROR - LOGIN ISSUE
18-Dec-22 01:02:50 - ERROR - LOGIN ISSUE
18-Dec-22 01:02:50 - ERROR - LOGIN ISSUE
18-Dec-22 01:02:50 - ERROR - LOGIN ISSUE
18-Dec-22 01:02:50 - ERROR - LOGIN ISSUE
18-Dec-22 01:02:50 - ERROR - LOGIN ISSUE
18-Dec-22 01:02:50 - ERROR - LOGIN ISSUE
18-Dec-22 01:02:50 - ERROR - LOGIN ISSUE
18-Dec-22 01:02:50 - ERROR - LOGIN ISSUE
18-Dec-22 01:02:50 - ERROR - LOGIN ISSUE
18-Dec-22 01:02:50 - ERROR - LOGIN ISSUE
18-Dec-22 01:02:50 - ERROR - LOGIN ISSUE
18-Dec-22 01:02:50 - ERROR - LOGIN ISSUE
18-Dec-22 01:02:50 - ERROR - LOGIN ISSUE
18-Dec-22 01:02:50 - ERROR - LOGIN ISSUE
18-Dec-22 01:02:50 - ERROR - LOGIN ISSUE
18-Dec-22 01:02:50 - ERROR - LOGIN ISSUE
18-Dec-22 01:02:50 - ERROR - LOGIN ISSUE
18-Dec-22 01:02:50 - ERROR - LOGIN ISSUE
18-Dec-22 01:02:50 - ERROR - LOGIN ISSUE
18-Dec-22 01:02:50 - ERROR - LOGIN ISSUE
18-Dec-22 01:02:50 - ERROR - LOGIN ISSUE
18-Dec-22 01:02:50 - ERROR - LOGIN ISSUE
18-Dec-22 01:02:50 - ERROR - LOGIN ISSUE
18-Dec-22 01:02:50 - ERROR - LOGIN ISSUE
18-Dec-22 01:02:50 - ERROR - LOGIN ISSUE
18-Dec-22 01:02:50 - ERROR - LOGIN ISSUE
18-Dec-22 01:02:50 - ERROR - LOGIN ISSUE
18-Dec-22 01:02:50 - ERROR - LOGIN ISSUE
18-Dec-22 01:02:50 - ERROR - LOGIN ISSUE
18-Dec-22 01:02:50 - ERROR - LOGIN ISSUE
18-Dec-22 01:02:50 - ERROR - LOGIN ISSUE
18-Dec-22 01:02:50 - ERROR - LOGIN ISSUE
18-Dec-22 01:02:50 - ERROR - LOGIN ISSUE
18-Dec-22 01:02:50 - ERROR - LOGIN ISSUE
18-Dec-22 01:02:50 - ERROR - LOGIN ISSUE
18-Dec-22 01:02:50 - ERROR - LOGIN ISSUE
18-Dec-22 01:02:50 - ERROR - LOGIN ISSUE
18-Dec-22 01:02:50 - ERROR - LOGIN ISSUE
18-Dec-22 01:02:50 - ERROR - LOGIN ISSUE
18-Dec-22 01:02:50 - ERROR - LOGIN ISSUE
18-Dec-22 01:02:50 - ERROR - LOGIN ISSUE
18-Dec-22 01:02:50 - ERROR - LOGIN ISSUE
18-Dec-22 01:02:50 - ERROR - LOGIN ISSUE
18-Dec-22 01:02:50 - ERROR - LOGIN ISSUE
18-Dec-22 01:02:50 - ERROR - LOGIN ISSUE
18-Dec-22 01:02:50 - ERROR - LOGIN ISSUE
18-Dec-22 01:02:50 - ERROR - LOGIN ISSUE
18-Dec-22 01:02:50 - ERROR - LOGIN ISSUE
18-Dec-22 01:02:50 - ERROR - LOGIN ISSUE
18-Dec-22 01:02:50 - ERROR - LOGIN ISSUE
18-Dec-22 01:02:50 - ERROR - LOGIN ISSUE
18-Dec-22 01:02:50 - ERROR - LOGIN ISSUE
18-Dec-22 01:02:50 - ERROR - LOGIN ISSUE
18-Dec-22 01:02:50 - ERROR - LOGIN ISSUE
18-Dec-22 01:02:50 - ERROR - LOGIN ISSUE
18-Dec-22 01:02:50 - ERROR - LOGIN ISSUE
18-Dec-22 01:02:50 - ERROR - LOGIN ISSUE
18-Dec-22 01:02:50 - ERROR - LOGIN ISSUE
18-Dec-22 01:02:50 - ERROR - LOGIN ISSUE
18-Dec-22 01:02:50 - ERROR - LOGIN ISSUE
18-Dec-22 01:02:50 - ERROR - LOGIN ISSUE
18-Dec-22 01:02:50 - ERROR - LOGIN ISSUE
18-Dec-22 01:02:50 - ERROR - LOGIN ISSUE
18-Dec-22 01:02:50 - ERROR - LOGIN ISSUE
18-Dec-22 01:02:50 - ERROR - LOGIN ISSUE
18-Dec-22 01:02:50 - ERROR - LOGIN ISSUE
18-Dec-22 01:02:50 - ERROR - LOGIN ISSUE
18-Dec-22 01:02:50 - ERROR - LOGIN ISSUE
18-Dec-22 01:02:50 - ERROR - LOGIN ISSUE
18-Dec-22 01:02:50 - ERROR - LOGIN ISSUE
18-Dec-22 01:02:50 - ERROR - LOGIN ISSUE
18-Dec-22 01:02:50 - ERROR - LOGIN ISSUE
18-Dec-22 01:02:50 - ERROR - LOGIN ISSUE
18-Dec-22 01:02:50 - ERROR - LOGIN ISSUE
18-Dec-22 01:02:50 - ERROR - LOGIN ISSUE
18-Dec-22 01:02:50 - ERROR - LOGIN ISSUE
18-Dec-22 01:02:50 - ERROR - LOGIN ISSUE
18-Dec-22 01:02:50 - ERROR - LOGIN ISSUE
18-Dec-22 01:02:54 - WARNING - Retrying (Retry(total=2, connect=None, read=None, redirect=None, status=None)) after connection broken by 'NewConnectionError('<urllib3.connection.HTTPConnection object at 0x0000019899A0D750>: Failed to establish a new connection: [WinError 10061] No connection could be made because the target machine actively refused it')': /session/b78913eb2871601c44f76edbd6697063/url
18-Dec-22 01:02:58 - WARNING - Retrying (Retry(total=1, connect=None, read=None, redirect=None, status=None)) after connection broken by 'NewConnectionError('<urllib3.connection.HTTPConnection object at 0x0000019899A0D780>: Failed to establish a new connection: [WinError 10061] No connection could be made because the target machine actively refused it')': /session/b78913eb2871601c44f76edbd6697063/url
18-Dec-22 01:03:02 - WARNING - Retrying (Retry(total=0, connect=None, read=None, redirect=None, status=None)) after connection broken by 'NewConnectionError('<urllib3.connection.HTTPConnection object at 0x0000019899A0D930>: Failed to establish a new connection: [WinError 10061] No connection could be made because the target machine actively refused it')': /session/b78913eb2871601c44f76edbd6697063/url
18-Dec-22 01:03:06 - ERROR - LOGIN ISSUE
18-Dec-22 01:03:10 - WARNING - Retrying (Retry(total=2, connect=None, read=None, redirect=None, status=None)) after connection broken by 'NewConnectionError('<urllib3.connection.HTTPConnection object at 0x0000019899A0DC60>: Failed to establish a new connection: [WinError 10061] No connection could be made because the target machine actively refused it')': /session/b78913eb2871601c44f76edbd6697063/url
18-Dec-22 01:03:15 - WARNING - Retrying (Retry(total=1, connect=None, read=None, redirect=None, status=None)) after connection broken by 'NewConnectionError('<urllib3.connection.HTTPConnection object at 0x0000019899A0D7B0>: Failed to establish a new connection: [WinError 10061] No connection could be made because the target machine actively refused it')': /session/b78913eb2871601c44f76edbd6697063/url
18-Dec-22 01:03:19 - WARNING - Retrying (Retry(total=0, connect=None, read=None, redirect=None, status=None)) after connection broken by 'NewConnectionError('<urllib3.connection.HTTPConnection object at 0x0000019899A0DD20>: Failed to establish a new connection: [WinError 10061] No connection could be made because the target machine actively refused it')': /session/b78913eb2871601c44f76edbd6697063/url
18-Dec-22 01:03:23 - ERROR - LOGIN ISSUE
18-Dec-22 01:03:27 - WARNING - Retrying (Retry(total=2, connect=None, read=None, redirect=None, status=None)) after connection broken by 'NewConnectionError('<urllib3.connection.HTTPConnection object at 0x0000019899A0E080>: Failed to establish a new connection: [WinError 10061] No connection could be made because the target machine actively refused it')': /session/b78913eb2871601c44f76edbd6697063/url
18-Dec-22 01:03:31 - WARNING - Retrying (Retry(total=1, connect=None, read=None, redirect=None, status=None)) after connection broken by 'NewConnectionError('<urllib3.connection.HTTPConnection object at 0x0000019899A0E170>: Failed to establish a new connection: [WinError 10061] No connection could be made because the target machine actively refused it')': /session/b78913eb2871601c44f76edbd6697063/url
18-Dec-22 01:03:35 - WARNING - Retrying (Retry(total=0, connect=None, read=None, redirect=None, status=None)) after connection broken by 'NewConnectionError('<urllib3.connection.HTTPConnection object at 0x0000019899A0E2C0>: Failed to establish a new connection: [WinError 10061] No connection could be made because the target machine actively refused it')': /session/b78913eb2871601c44f76edbd6697063/url
18-Dec-22 01:03:39 - ERROR - LOGIN ISSUE
18-Dec-22 01:03:43 - WARNING - Retrying (Retry(total=2, connect=None, read=None, redirect=None, status=None)) after connection broken by 'NewConnectionError('<urllib3.connection.HTTPConnection object at 0x0000019899A0E620>: Failed to establish a new connection: [WinError 10061] No connection could be made because the target machine actively refused it')': /session/b78913eb2871601c44f76edbd6697063/url
18-Dec-22 01:03:47 - WARNING - Retrying (Retry(total=1, connect=None, read=None, redirect=None, status=None)) after connection broken by 'NewConnectionError('<urllib3.connection.HTTPConnection object at 0x0000019899A0E710>: Failed to establish a new connection: [WinError 10061] No connection could be made because the target machine actively refused it')': /session/b78913eb2871601c44f76edbd6697063/url
18-Dec-22 01:03:51 - WARNING - Retrying (Retry(total=0, connect=None, read=None, redirect=None, status=None)) after connection broken by 'NewConnectionError('<urllib3.connection.HTTPConnection object at 0x0000019899A0E860>: Failed to establish a new connection: [WinError 10061] No connection could be made because the target machine actively refused it')': /session/b78913eb2871601c44f76edbd6697063/url
18-Dec-22 01:03:55 - ERROR - LOGIN ISSUE
18-Dec-22 01:04:00 - WARNING - Retrying (Retry(total=2, connect=None, read=None, redirect=None, status=None)) after connection broken by 'NewConnectionError('<urllib3.connection.HTTPConnection object at 0x0000019899A0EBC0>: Failed to establish a new connection: [WinError 10061] No connection could be made because the target machine actively refused it')': /session/b78913eb2871601c44f76edbd6697063/url
18-Dec-22 01:04:04 - WARNING - Retrying (Retry(total=1, connect=None, read=None, redirect=None, status=None)) after connection broken by 'NewConnectionError('<urllib3.connection.HTTPConnection object at 0x0000019899A0ECB0>: Failed to establish a new connection: [WinError 10061] No connection could be made because the target machine actively refused it')': /session/b78913eb2871601c44f76edbd6697063/url
18-Dec-22 01:04:08 - WARNING - Retrying (Retry(total=0, connect=None, read=None, redirect=None, status=None)) after connection broken by 'NewConnectionError('<urllib3.connection.HTTPConnection object at 0x0000019899A0E6B0>: Failed to establish a new connection: [WinError 10061] No connection could be made because the target machine actively refused it')': /session/b78913eb2871601c44f76edbd6697063/url
18-Dec-22 01:04:12 - ERROR - LOGIN ISSUE
18-Dec-22 01:04:16 - WARNING - Retrying (Retry(total=2, connect=None, read=None, redirect=None, status=None)) after connection broken by 'NewConnectionError('<urllib3.connection.HTTPConnection object at 0x0000019899A0E710>: Failed to establish a new connection: [WinError 10061] No connection could be made because the target machine actively refused it')': /session/b78913eb2871601c44f76edbd6697063/url
18-Dec-22 01:04:20 - WARNING - Retrying (Retry(total=1, connect=None, read=None, redirect=None, status=None)) after connection broken by 'NewConnectionError('<urllib3.connection.HTTPConnection object at 0x0000019899A0E7A0>: Failed to establish a new connection: [WinError 10061] No connection could be made because the target machine actively refused it')': /session/b78913eb2871601c44f76edbd6697063/url
18-Dec-22 01:04:24 - WARNING - Retrying (Retry(total=0, connect=None, read=None, redirect=None, status=None)) after connection broken by 'NewConnectionError('<urllib3.connection.HTTPConnection object at 0x0000019899A0E110>: Failed to establish a new connection: [WinError 10061] No connection could be made because the target machine actively refused it')': /session/b78913eb2871601c44f76edbd6697063/url
18-Dec-22 01:04:28 - ERROR - LOGIN ISSUE
18-Dec-22 01:04:32 - WARNING - Retrying (Retry(total=2, connect=None, read=None, redirect=None, status=None)) after connection broken by 'NewConnectionError('<urllib3.connection.HTTPConnection object at 0x0000019899A0E170>: Failed to establish a new connection: [WinError 10061] No connection could be made because the target machine actively refused it')': /session/b78913eb2871601c44f76edbd6697063/url
18-Dec-22 01:04:36 - WARNING - Retrying (Retry(total=1, connect=None, read=None, redirect=None, status=None)) after connection broken by 'NewConnectionError('<urllib3.connection.HTTPConnection object at 0x0000019899A0E200>: Failed to establish a new connection: [WinError 10061] No connection could be made because the target machine actively refused it')': /session/b78913eb2871601c44f76edbd6697063/url
18-Dec-22 01:04:40 - WARNING - Retrying (Retry(total=0, connect=None, read=None, redirect=None, status=None)) after connection broken by 'NewConnectionError('<urllib3.connection.HTTPConnection object at 0x0000019899A0CE20>: Failed to establish a new connection: [WinError 10061] No connection could be made because the target machine actively refused it')': /session/b78913eb2871601c44f76edbd6697063/url
18-Dec-22 01:04:45 - ERROR - LOGIN ISSUE
18-Dec-22 01:04:49 - WARNING - Retrying (Retry(total=2, connect=None, read=None, redirect=None, status=None)) after connection broken by 'NewConnectionError('<urllib3.connection.HTTPConnection object at 0x0000019899A0D7B0>: Failed to establish a new connection: [WinError 10061] No connection could be made because the target machine actively refused it')': /session/b78913eb2871601c44f76edbd6697063/url
18-Dec-22 01:04:53 - WARNING - Retrying (Retry(total=1, connect=None, read=None, redirect=None, status=None)) after connection broken by 'NewConnectionError('<urllib3.connection.HTTPConnection object at 0x0000019899A0DC00>: Failed to establish a new connection: [WinError 10061] No connection could be made because the target machine actively refused it')': /session/b78913eb2871601c44f76edbd6697063/url
18-Dec-22 01:04:57 - WARNING - Retrying (Retry(total=0, connect=None, read=None, redirect=None, status=None)) after connection broken by 'NewConnectionError('<urllib3.connection.HTTPConnection object at 0x0000019899A0EE00>: Failed to establish a new connection: [WinError 10061] No connection could be made because the target machine actively refused it')': /session/b78913eb2871601c44f76edbd6697063/url
18-Dec-22 01:05:01 - ERROR - LOGIN ISSUE
18-Dec-22 01:05:05 - WARNING - Retrying (Retry(total=2, connect=None, read=None, redirect=None, status=None)) after connection broken by 'NewConnectionError('<urllib3.connection.HTTPConnection object at 0x0000019899A0F160>: Failed to establish a new connection: [WinError 10061] No connection could be made because the target machine actively refused it')': /session/b78913eb2871601c44f76edbd6697063/url
18-Dec-22 01:05:09 - WARNING - Retrying (Retry(total=1, connect=None, read=None, redirect=None, status=None)) after connection broken by 'NewConnectionError('<urllib3.connection.HTTPConnection object at 0x0000019899A0F250>: Failed to establish a new connection: [WinError 10061] No connection could be made because the target machine actively refused it')': /session/b78913eb2871601c44f76edbd6697063/url
18-Dec-22 01:05:13 - WARNING - Retrying (Retry(total=0, connect=None, read=None, redirect=None, status=None)) after connection broken by 'NewConnectionError('<urllib3.connection.HTTPConnection object at 0x0000019899A0F3A0>: Failed to establish a new connection: [WinError 10061] No connection could be made because the target machine actively refused it')': /session/b78913eb2871601c44f76edbd6697063/url
18-Dec-22 01:05:17 - ERROR - LOGIN ISSUE
18-Dec-22 01:05:21 - WARNING - Retrying (Retry(total=2, connect=None, read=None, redirect=None, status=None)) after connection broken by 'NewConnectionError('<urllib3.connection.HTTPConnection object at 0x0000019899A0DF00>: Failed to establish a new connection: [WinError 10061] No connection could be made because the target machine actively refused it')': /session/b78913eb2871601c44f76edbd6697063/url
18-Dec-22 01:05:25 - WARNING - Retrying (Retry(total=1, connect=None, read=None, redirect=None, status=None)) after connection broken by 'NewConnectionError('<urllib3.connection.HTTPConnection object at 0x0000019899A0EF20>: Failed to establish a new connection: [WinError 10061] No connection could be made because the target machine actively refused it')': /session/b78913eb2871601c44f76edbd6697063/url
18-Dec-22 01:05:29 - WARNING - Retrying (Retry(total=0, connect=None, read=None, redirect=None, status=None)) after connection broken by 'NewConnectionError('<urllib3.connection.HTTPConnection object at 0x0000019899A0EE00>: Failed to establish a new connection: [WinError 10061] No connection could be made because the target machine actively refused it')': /session/b78913eb2871601c44f76edbd6697063/url
18-Dec-22 01:05:34 - ERROR - LOGIN ISSUE
18-Dec-22 01:05:38 - WARNING - Retrying (Retry(total=2, connect=None, read=None, redirect=None, status=None)) after connection broken by 'NewConnectionError('<urllib3.connection.HTTPConnection object at 0x0000019899A0E0E0>: Failed to establish a new connection: [WinError 10061] No connection could be made because the target machine actively refused it')': /session/b78913eb2871601c44f76edbd6697063/url
18-Dec-22 01:05:42 - WARNING - Retrying (Retry(total=1, connect=None, read=None, redirect=None, status=None)) after connection broken by 'NewConnectionError('<urllib3.connection.HTTPConnection object at 0x0000019899A0DF30>: Failed to establish a new connection: [WinError 10061] No connection could be made because the target machine actively refused it')': /session/b78913eb2871601c44f76edbd6697063/url
18-Dec-22 01:05:46 - WARNING - Retrying (Retry(total=0, connect=None, read=None, redirect=None, status=None)) after connection broken by 'NewConnectionError('<urllib3.connection.HTTPConnection object at 0x0000019899A0CE20>: Failed to establish a new connection: [WinError 10061] No connection could be made because the target machine actively refused it')': /session/b78913eb2871601c44f76edbd6697063/url
18-Dec-22 01:05:50 - ERROR - LOGIN ISSUE
18-Dec-22 01:05:54 - WARNING - Retrying (Retry(total=2, connect=None, read=None, redirect=None, status=None)) after connection broken by 'NewConnectionError('<urllib3.connection.HTTPConnection object at 0x0000019899A0E680>: Failed to establish a new connection: [WinError 10061] No connection could be made because the target machine actively refused it')': /session/b78913eb2871601c44f76edbd6697063/url
18-Dec-22 01:05:58 - WARNING - Retrying (Retry(total=1, connect=None, read=None, redirect=None, status=None)) after connection broken by 'NewConnectionError('<urllib3.connection.HTTPConnection object at 0x0000019899A0E4D0>: Failed to establish a new connection: [WinError 10061] No connection could be made because the target machine actively refused it')': /session/b78913eb2871601c44f76edbd6697063/url
18-Dec-22 01:06:02 - WARNING - Retrying (Retry(total=0, connect=None, read=None, redirect=None, status=None)) after connection broken by 'NewConnectionError('<urllib3.connection.HTTPConnection object at 0x0000019899A0E110>: Failed to establish a new connection: [WinError 10061] No connection could be made because the target machine actively refused it')': /session/b78913eb2871601c44f76edbd6697063/url
18-Dec-22 01:06:06 - ERROR - LOGIN ISSUE
18-Dec-22 01:06:10 - WARNING - Retrying (Retry(total=2, connect=None, read=None, redirect=None, status=None)) after connection broken by 'NewConnectionError('<urllib3.connection.HTTPConnection object at 0x0000019899A0EDA0>: Failed to establish a new connection: [WinError 10061] No connection could be made because the target machine actively refused it')': /session/b78913eb2871601c44f76edbd6697063/url
18-Dec-22 01:06:14 - WARNING - Retrying (Retry(total=1, connect=None, read=None, redirect=None, status=None)) after connection broken by 'NewConnectionError('<urllib3.connection.HTTPConnection object at 0x0000019899A0EB30>: Failed to establish a new connection: [WinError 10061] No connection could be made because the target machine actively refused it')': /session/b78913eb2871601c44f76edbd6697063/url
18-Dec-22 01:06:18 - WARNING - Retrying (Retry(total=0, connect=None, read=None, redirect=None, status=None)) after connection broken by 'NewConnectionError('<urllib3.connection.HTTPConnection object at 0x0000019899A0EAA0>: Failed to establish a new connection: [WinError 10061] No connection could be made because the target machine actively refused it')': /session/b78913eb2871601c44f76edbd6697063/url
18-Dec-22 01:06:22 - ERROR - LOGIN ISSUE
18-Dec-22 01:06:27 - WARNING - Retrying (Retry(total=2, connect=None, read=None, redirect=None, status=None)) after connection broken by 'NewConnectionError('<urllib3.connection.HTTPConnection object at 0x0000019899A0F8B0>: Failed to establish a new connection: [WinError 10061] No connection could be made because the target machine actively refused it')': /session/b78913eb2871601c44f76edbd6697063/url
18-Dec-22 01:06:31 - WARNING - Retrying (Retry(total=1, connect=None, read=None, redirect=None, status=None)) after connection broken by 'NewConnectionError('<urllib3.connection.HTTPConnection object at 0x0000019899A0F9A0>: Failed to establish a new connection: [WinError 10061] No connection could be made because the target machine actively refused it')': /session/b78913eb2871601c44f76edbd6697063/url
18-Dec-22 01:06:35 - WARNING - Retrying (Retry(total=0, connect=None, read=None, redirect=None, status=None)) after connection broken by 'NewConnectionError('<urllib3.connection.HTTPConnection object at 0x0000019899A0FAF0>: Failed to establish a new connection: [WinError 10061] No connection could be made because the target machine actively refused it')': /session/b78913eb2871601c44f76edbd6697063/url
18-Dec-22 01:06:39 - ERROR - LOGIN ISSUE
18-Dec-22 01:06:43 - WARNING - Retrying (Retry(total=2, connect=None, read=None, redirect=None, status=None)) after connection broken by 'NewConnectionError('<urllib3.connection.HTTPConnection object at 0x0000019899A0F7C0>: Failed to establish a new connection: [WinError 10061] No connection could be made because the target machine actively refused it')': /session/b78913eb2871601c44f76edbd6697063/url
18-Dec-22 01:06:47 - WARNING - Retrying (Retry(total=1, connect=None, read=None, redirect=None, status=None)) after connection broken by 'NewConnectionError('<urllib3.connection.HTTPConnection object at 0x0000019899A0F790>: Failed to establish a new connection: [WinError 10061] No connection could be made because the target machine actively refused it')': /session/b78913eb2871601c44f76edbd6697063/url
18-Dec-22 01:06:51 - WARNING - Retrying (Retry(total=0, connect=None, read=None, redirect=None, status=None)) after connection broken by 'NewConnectionError('<urllib3.connection.HTTPConnection object at 0x0000019899A0EB30>: Failed to establish a new connection: [WinError 10061] No connection could be made because the target machine actively refused it')': /session/b78913eb2871601c44f76edbd6697063/url
18-Dec-22 01:06:55 - ERROR - LOGIN ISSUE
18-Dec-22 01:06:59 - WARNING - Retrying (Retry(total=2, connect=None, read=None, redirect=None, status=None)) after connection broken by 'NewConnectionError('<urllib3.connection.HTTPConnection object at 0x0000019899A0E620>: Failed to establish a new connection: [WinError 10061] No connection could be made because the target machine actively refused it')': /session/b78913eb2871601c44f76edbd6697063/url
18-Dec-22 01:07:03 - WARNING - Retrying (Retry(total=1, connect=None, read=None, redirect=None, status=None)) after connection broken by 'NewConnectionError('<urllib3.connection.HTTPConnection object at 0x0000019899A0E710>: Failed to establish a new connection: [WinError 10061] No connection could be made because the target machine actively refused it')': /session/b78913eb2871601c44f76edbd6697063/url
18-Dec-22 01:07:07 - WARNING - Retrying (Retry(total=0, connect=None, read=None, redirect=None, status=None)) after connection broken by 'NewConnectionError('<urllib3.connection.HTTPConnection object at 0x0000019899A0E4D0>: Failed to establish a new connection: [WinError 10061] No connection could be made because the target machine actively refused it')': /session/b78913eb2871601c44f76edbd6697063/url
18-Dec-22 01:07:12 - ERROR - LOGIN ISSUE
18-Dec-22 01:07:16 - WARNING - Retrying (Retry(total=2, connect=None, read=None, redirect=None, status=None)) after connection broken by 'NewConnectionError('<urllib3.connection.HTTPConnection object at 0x0000019899A0E080>: Failed to establish a new connection: [WinError 10061] No connection could be made because the target machine actively refused it')': /session/b78913eb2871601c44f76edbd6697063/url
18-Dec-22 01:07:20 - WARNING - Retrying (Retry(total=1, connect=None, read=None, redirect=None, status=None)) after connection broken by 'NewConnectionError('<urllib3.connection.HTTPConnection object at 0x0000019899A0E170>: Failed to establish a new connection: [WinError 10061] No connection could be made because the target machine actively refused it')': /session/b78913eb2871601c44f76edbd6697063/url
18-Dec-22 01:07:24 - WARNING - Retrying (Retry(total=0, connect=None, read=None, redirect=None, status=None)) after connection broken by 'NewConnectionError('<urllib3.connection.HTTPConnection object at 0x0000019899A0DF30>: Failed to establish a new connection: [WinError 10061] No connection could be made because the target machine actively refused it')': /session/b78913eb2871601c44f76edbd6697063/url
18-Dec-22 01:07:28 - ERROR - LOGIN ISSUE
18-Dec-22 01:07:32 - WARNING - Retrying (Retry(total=2, connect=None, read=None, redirect=None, status=None)) after connection broken by 'NewConnectionError('<urllib3.connection.HTTPConnection object at 0x0000019899A0DC60>: Failed to establish a new connection: [WinError 10061] No connection could be made because the target machine actively refused it')': /session/b78913eb2871601c44f76edbd6697063/url
18-Dec-22 01:07:36 - WARNING - Retrying (Retry(total=1, connect=None, read=None, redirect=None, status=None)) after connection broken by 'NewConnectionError('<urllib3.connection.HTTPConnection object at 0x0000019899A0D7B0>: Failed to establish a new connection: [WinError 10061] No connection could be made because the target machine actively refused it')': /session/b78913eb2871601c44f76edbd6697063/url
18-Dec-22 01:07:40 - WARNING - Retrying (Retry(total=0, connect=None, read=None, redirect=None, status=None)) after connection broken by 'NewConnectionError('<urllib3.connection.HTTPConnection object at 0x0000019899A0EF20>: Failed to establish a new connection: [WinError 10061] No connection could be made because the target machine actively refused it')': /session/b78913eb2871601c44f76edbd6697063/url
18-Dec-22 01:07:44 - ERROR - LOGIN ISSUE
18-Dec-22 01:07:48 - WARNING - Retrying (Retry(total=2, connect=None, read=None, redirect=None, status=None)) after connection broken by 'NewConnectionError('<urllib3.connection.HTTPConnection object at 0x0000019899A0FD60>: Failed to establish a new connection: [WinError 10061] No connection could be made because the target machine actively refused it')': /session/b78913eb2871601c44f76edbd6697063/url
18-Dec-22 01:07:52 - WARNING - Retrying (Retry(total=1, connect=None, read=None, redirect=None, status=None)) after connection broken by 'NewConnectionError('<urllib3.connection.HTTPConnection object at 0x0000019899A0FE50>: Failed to establish a new connection: [WinError 10061] No connection could be made because the target machine actively refused it')': /session/b78913eb2871601c44f76edbd6697063/url
18-Dec-22 01:07:56 - WARNING - Retrying (Retry(total=0, connect=None, read=None, redirect=None, status=None)) after connection broken by 'NewConnectionError('<urllib3.connection.HTTPConnection object at 0x0000019899A9C070>: Failed to establish a new connection: [WinError 10061] No connection could be made because the target machine actively refused it')': /session/b78913eb2871601c44f76edbd6697063/url
18-Dec-22 01:08:00 - ERROR - LOGIN ISSUE
18-Dec-22 01:08:05 - WARNING - Retrying (Retry(total=2, connect=None, read=None, redirect=None, status=None)) after connection broken by 'NewConnectionError('<urllib3.connection.HTTPConnection object at 0x0000019899A0F610>: Failed to establish a new connection: [WinError 10061] No connection could be made because the target machine actively refused it')': /session/b78913eb2871601c44f76edbd6697063/url
18-Dec-22 01:08:09 - WARNING - Retrying (Retry(total=1, connect=None, read=None, redirect=None, status=None)) after connection broken by 'NewConnectionError('<urllib3.connection.HTTPConnection object at 0x0000019899A0F5B0>: Failed to establish a new connection: [WinError 10061] No connection could be made because the target machine actively refused it')': /session/b78913eb2871601c44f76edbd6697063/url
18-Dec-22 01:08:13 - WARNING - Retrying (Retry(total=0, connect=None, read=None, redirect=None, status=None)) after connection broken by 'NewConnectionError('<urllib3.connection.HTTPConnection object at 0x0000019899A0DDE0>: Failed to establish a new connection: [WinError 10061] No connection could be made because the target machine actively refused it')': /session/b78913eb2871601c44f76edbd6697063/url
18-Dec-22 01:08:17 - ERROR - LOGIN ISSUE
18-Dec-22 01:08:21 - WARNING - Retrying (Retry(total=2, connect=None, read=None, redirect=None, status=None)) after connection broken by 'NewConnectionError('<urllib3.connection.HTTPConnection object at 0x0000019899A0D000>: Failed to establish a new connection: [WinError 10061] No connection could be made because the target machine actively refused it')': /session/b78913eb2871601c44f76edbd6697063/url
18-Dec-22 01:08:25 - WARNING - Retrying (Retry(total=1, connect=None, read=None, redirect=None, status=None)) after connection broken by 'NewConnectionError('<urllib3.connection.HTTPConnection object at 0x0000019899A0F640>: Failed to establish a new connection: [WinError 10061] No connection could be made because the target machine actively refused it')': /session/b78913eb2871601c44f76edbd6697063/url
18-Dec-22 01:08:29 - WARNING - Retrying (Retry(total=0, connect=None, read=None, redirect=None, status=None)) after connection broken by 'NewConnectionError('<urllib3.connection.HTTPConnection object at 0x0000019899A0E380>: Failed to establish a new connection: [WinError 10061] No connection could be made because the target machine actively refused it')': /session/b78913eb2871601c44f76edbd6697063/url
18-Dec-22 01:08:33 - ERROR - LOGIN ISSUE
18-Dec-22 01:08:37 - WARNING - Retrying (Retry(total=2, connect=None, read=None, redirect=None, status=None)) after connection broken by 'NewConnectionError('<urllib3.connection.HTTPConnection object at 0x0000019899A0E0B0>: Failed to establish a new connection: [WinError 10061] No connection could be made because the target machine actively refused it')': /session/b78913eb2871601c44f76edbd6697063/url
18-Dec-22 01:08:41 - WARNING - Retrying (Retry(total=1, connect=None, read=None, redirect=None, status=None)) after connection broken by 'NewConnectionError('<urllib3.connection.HTTPConnection object at 0x0000019899A0DCF0>: Failed to establish a new connection: [WinError 10061] No connection could be made because the target machine actively refused it')': /session/b78913eb2871601c44f76edbd6697063/url
18-Dec-22 01:08:45 - WARNING - Retrying (Retry(total=0, connect=None, read=None, redirect=None, status=None)) after connection broken by 'NewConnectionError('<urllib3.connection.HTTPConnection object at 0x0000019899A0E920>: Failed to establish a new connection: [WinError 10061] No connection could be made because the target machine actively refused it')': /session/b78913eb2871601c44f76edbd6697063/url
18-Dec-22 01:08:49 - ERROR - LOGIN ISSUE
18-Dec-22 01:08:54 - WARNING - Retrying (Retry(total=2, connect=None, read=None, redirect=None, status=None)) after connection broken by 'NewConnectionError('<urllib3.connection.HTTPConnection object at 0x0000019899A0E650>: Failed to establish a new connection: [WinError 10061] No connection could be made because the target machine actively refused it')': /session/b78913eb2871601c44f76edbd6697063/url
18-Dec-22 01:08:58 - WARNING - Retrying (Retry(total=1, connect=None, read=None, redirect=None, status=None)) after connection broken by 'NewConnectionError('<urllib3.connection.HTTPConnection object at 0x0000019899A0E290>: Failed to establish a new connection: [WinError 10061] No connection could be made because the target machine actively refused it')': /session/b78913eb2871601c44f76edbd6697063/url
18-Dec-22 01:09:02 - WARNING - Retrying (Retry(total=0, connect=None, read=None, redirect=None, status=None)) after connection broken by 'NewConnectionError('<urllib3.connection.HTTPConnection object at 0x0000019899A0F730>: Failed to establish a new connection: [WinError 10061] No connection could be made because the target machine actively refused it')': /session/b78913eb2871601c44f76edbd6697063/url
18-Dec-22 01:09:06 - ERROR - LOGIN ISSUE
18-Dec-22 01:09:10 - WARNING - Retrying (Retry(total=2, connect=None, read=None, redirect=None, status=None)) after connection broken by 'NewConnectionError('<urllib3.connection.HTTPConnection object at 0x0000019899A0E740>: Failed to establish a new connection: [WinError 10061] No connection could be made because the target machine actively refused it')': /session/b78913eb2871601c44f76edbd6697063/url
18-Dec-22 01:09:14 - WARNING - Retrying (Retry(total=1, connect=None, read=None, redirect=None, status=None)) after connection broken by 'NewConnectionError('<urllib3.connection.HTTPConnection object at 0x0000019899A0FCD0>: Failed to establish a new connection: [WinError 10061] No connection could be made because the target machine actively refused it')': /session/b78913eb2871601c44f76edbd6697063/url
18-Dec-22 01:09:18 - WARNING - Retrying (Retry(total=0, connect=None, read=None, redirect=None, status=None)) after connection broken by 'NewConnectionError('<urllib3.connection.HTTPConnection object at 0x0000019899A0FC40>: Failed to establish a new connection: [WinError 10061] No connection could be made because the target machine actively refused it')': /session/b78913eb2871601c44f76edbd6697063/url
18-Dec-22 01:09:22 - ERROR - LOGIN ISSUE
18-Dec-22 01:09:26 - WARNING - Retrying (Retry(total=2, connect=None, read=None, redirect=None, status=None)) after connection broken by 'NewConnectionError('<urllib3.connection.HTTPConnection object at 0x0000019899A0FC10>: Failed to establish a new connection: [WinError 10061] No connection could be made because the target machine actively refused it')': /session/b78913eb2871601c44f76edbd6697063/url
18-Dec-22 01:09:30 - WARNING - Retrying (Retry(total=1, connect=None, read=None, redirect=None, status=None)) after connection broken by 'NewConnectionError('<urllib3.connection.HTTPConnection object at 0x0000019899A0FB80>: Failed to establish a new connection: [WinError 10061] No connection could be made because the target machine actively refused it')': /session/b78913eb2871601c44f76edbd6697063/url
18-Dec-22 01:09:34 - WARNING - Retrying (Retry(total=0, connect=None, read=None, redirect=None, status=None)) after connection broken by 'NewConnectionError('<urllib3.connection.HTTPConnection object at 0x0000019899A0E290>: Failed to establish a new connection: [WinError 10061] No connection could be made because the target machine actively refused it')': /session/b78913eb2871601c44f76edbd6697063/url
18-Dec-22 01:09:38 - ERROR - LOGIN ISSUE
18-Dec-22 01:09:42 - WARNING - Retrying (Retry(total=2, connect=None, read=None, redirect=None, status=None)) after connection broken by 'NewConnectionError('<urllib3.connection.HTTPConnection object at 0x0000019899A0EDA0>: Failed to establish a new connection: [WinError 10061] No connection could be made because the target machine actively refused it')': /session/b78913eb2871601c44f76edbd6697063/url
18-Dec-22 01:09:47 - WARNING - Retrying (Retry(total=1, connect=None, read=None, redirect=None, status=None)) after connection broken by 'NewConnectionError('<urllib3.connection.HTTPConnection object at 0x0000019899A0E8F0>: Failed to establish a new connection: [WinError 10061] No connection could be made because the target machine actively refused it')': /session/b78913eb2871601c44f76edbd6697063/url
18-Dec-22 01:09:51 - WARNING - Retrying (Retry(total=0, connect=None, read=None, redirect=None, status=None)) after connection broken by 'NewConnectionError('<urllib3.connection.HTTPConnection object at 0x0000019899A0DCF0>: Failed to establish a new connection: [WinError 10061] No connection could be made because the target machine actively refused it')': /session/b78913eb2871601c44f76edbd6697063/url
18-Dec-22 01:09:55 - ERROR - LOGIN ISSUE
18-Dec-22 01:09:59 - WARNING - Retrying (Retry(total=2, connect=None, read=None, redirect=None, status=None)) after connection broken by 'NewConnectionError('<urllib3.connection.HTTPConnection object at 0x0000019899A0E680>: Failed to establish a new connection: [WinError 10061] No connection could be made because the target machine actively refused it')': /session/b78913eb2871601c44f76edbd6697063/url
18-Dec-22 01:10:03 - WARNING - Retrying (Retry(total=1, connect=None, read=None, redirect=None, status=None)) after connection broken by 'NewConnectionError('<urllib3.connection.HTTPConnection object at 0x0000019899A0E530>: Failed to establish a new connection: [WinError 10061] No connection could be made because the target machine actively refused it')': /session/b78913eb2871601c44f76edbd6697063/url
18-Dec-22 01:10:07 - WARNING - Retrying (Retry(total=0, connect=None, read=None, redirect=None, status=None)) after connection broken by 'NewConnectionError('<urllib3.connection.HTTPConnection object at 0x0000019899A0F640>: Failed to establish a new connection: [WinError 10061] No connection could be made because the target machine actively refused it')': /session/b78913eb2871601c44f76edbd6697063/url
18-Dec-22 01:10:11 - ERROR - LOGIN ISSUE
18-Dec-22 01:10:15 - WARNING - Retrying (Retry(total=2, connect=None, read=None, redirect=None, status=None)) after connection broken by 'NewConnectionError('<urllib3.connection.HTTPConnection object at 0x0000019899A0E0E0>: Failed to establish a new connection: [WinError 10061] No connection could be made because the target machine actively refused it')': /session/b78913eb2871601c44f76edbd6697063/url
18-Dec-22 01:10:19 - WARNING - Retrying (Retry(total=1, connect=None, read=None, redirect=None, status=None)) after connection broken by 'NewConnectionError('<urllib3.connection.HTTPConnection object at 0x0000019899A0DF90>: Failed to establish a new connection: [WinError 10061] No connection could be made because the target machine actively refused it')': /session/b78913eb2871601c44f76edbd6697063/url
18-Dec-22 01:10:23 - WARNING - Retrying (Retry(total=0, connect=None, read=None, redirect=None, status=None)) after connection broken by 'NewConnectionError('<urllib3.connection.HTTPConnection object at 0x0000019899A0F5B0>: Failed to establish a new connection: [WinError 10061] No connection could be made because the target machine actively refused it')': /session/b78913eb2871601c44f76edbd6697063/url
18-Dec-22 01:10:27 - ERROR - LOGIN ISSUE
18-Dec-22 01:10:31 - WARNING - Retrying (Retry(total=2, connect=None, read=None, redirect=None, status=None)) after connection broken by 'NewConnectionError('<urllib3.connection.HTTPConnection object at 0x0000019899A0F040>: Failed to establish a new connection: [WinError 10061] No connection could be made because the target machine actively refused it')': /session/b78913eb2871601c44f76edbd6697063/url
18-Dec-22 01:10:35 - WARNING - Retrying (Retry(total=1, connect=None, read=None, redirect=None, status=None)) after connection broken by 'NewConnectionError('<urllib3.connection.HTTPConnection object at 0x0000019899A0F4C0>: Failed to establish a new connection: [WinError 10061] No connection could be made because the target machine actively refused it')': /session/b78913eb2871601c44f76edbd6697063/url
18-Dec-22 01:10:39 - WARNING - Retrying (Retry(total=0, connect=None, read=None, redirect=None, status=None)) after connection broken by 'NewConnectionError('<urllib3.connection.HTTPConnection object at 0x0000019899A0F1C0>: Failed to establish a new connection: [WinError 10061] No connection could be made because the target machine actively refused it')': /session/b78913eb2871601c44f76edbd6697063/url
18-Dec-22 01:10:43 - ERROR - LOGIN ISSUE
18-Dec-22 01:10:48 - WARNING - Retrying (Retry(total=2, connect=None, read=None, redirect=None, status=None)) after connection broken by 'NewConnectionError('<urllib3.connection.HTTPConnection object at 0x0000019899A0DC90>: Failed to establish a new connection: [WinError 10061] No connection could be made because the target machine actively refused it')': /session/b78913eb2871601c44f76edbd6697063/url
18-Dec-22 01:10:52 - WARNING - Retrying (Retry(total=1, connect=None, read=None, redirect=None, status=None)) after connection broken by 'NewConnectionError('<urllib3.connection.HTTPConnection object at 0x0000019899A0F610>: Failed to establish a new connection: [WinError 10061] No connection could be made because the target machine actively refused it')': /session/b78913eb2871601c44f76edbd6697063/url
18-Dec-22 01:10:56 - WARNING - Retrying (Retry(total=0, connect=None, read=None, redirect=None, status=None)) after connection broken by 'NewConnectionError('<urllib3.connection.HTTPConnection object at 0x0000019899A0F5B0>: Failed to establish a new connection: [WinError 10061] No connection could be made because the target machine actively refused it')': /session/b78913eb2871601c44f76edbd6697063/url
18-Dec-22 01:11:00 - ERROR - LOGIN ISSUE
18-Dec-22 01:11:04 - WARNING - Retrying (Retry(total=2, connect=None, read=None, redirect=None, status=None)) after connection broken by 'NewConnectionError('<urllib3.connection.HTTPConnection object at 0x0000019899A0E230>: Failed to establish a new connection: [WinError 10061] No connection could be made because the target machine actively refused it')': /session/b78913eb2871601c44f76edbd6697063/url
18-Dec-22 01:11:08 - WARNING - Retrying (Retry(total=1, connect=None, read=None, redirect=None, status=None)) after connection broken by 'NewConnectionError('<urllib3.connection.HTTPConnection object at 0x0000019899A0D000>: Failed to establish a new connection: [WinError 10061] No connection could be made because the target machine actively refused it')': /session/b78913eb2871601c44f76edbd6697063/url
18-Dec-22 01:11:12 - WARNING - Retrying (Retry(total=0, connect=None, read=None, redirect=None, status=None)) after connection broken by 'NewConnectionError('<urllib3.connection.HTTPConnection object at 0x0000019899A0F640>: Failed to establish a new connection: [WinError 10061] No connection could be made because the target machine actively refused it')': /session/b78913eb2871601c44f76edbd6697063/url
18-Dec-22 01:11:16 - ERROR - LOGIN ISSUE
18-Dec-22 01:11:20 - WARNING - Retrying (Retry(total=2, connect=None, read=None, redirect=None, status=None)) after connection broken by 'NewConnectionError('<urllib3.connection.HTTPConnection object at 0x0000019899A0E7D0>: Failed to establish a new connection: [WinError 10061] No connection could be made because the target machine actively refused it')': /session/b78913eb2871601c44f76edbd6697063/url
18-Dec-22 01:11:24 - WARNING - Retrying (Retry(total=1, connect=None, read=None, redirect=None, status=None)) after connection broken by 'NewConnectionError('<urllib3.connection.HTTPConnection object at 0x0000019899A0E0B0>: Failed to establish a new connection: [WinError 10061] No connection could be made because the target machine actively refused it')': /session/b78913eb2871601c44f76edbd6697063/url
18-Dec-22 01:11:28 - WARNING - Retrying (Retry(total=0, connect=None, read=None, redirect=None, status=None)) after connection broken by 'NewConnectionError('<urllib3.connection.HTTPConnection object at 0x0000019899A0DCF0>: Failed to establish a new connection: [WinError 10061] No connection could be made because the target machine actively refused it')': /session/b78913eb2871601c44f76edbd6697063/url
18-Dec-22 01:11:33 - ERROR - LOGIN ISSUE
18-Dec-22 01:11:37 - WARNING - Retrying (Retry(total=2, connect=None, read=None, redirect=None, status=None)) after connection broken by 'NewConnectionError('<urllib3.connection.HTTPConnection object at 0x0000019899A0F820>: Failed to establish a new connection: [WinError 10061] No connection could be made because the target machine actively refused it')': /session/b78913eb2871601c44f76edbd6697063/url
18-Dec-22 01:11:41 - WARNING - Retrying (Retry(total=1, connect=None, read=None, redirect=None, status=None)) after connection broken by 'NewConnectionError('<urllib3.connection.HTTPConnection object at 0x0000019899A0E650>: Failed to establish a new connection: [WinError 10061] No connection could be made because the target machine actively refused it')': /session/b78913eb2871601c44f76edbd6697063/url
18-Dec-22 01:11:45 - WARNING - Retrying (Retry(total=0, connect=None, read=None, redirect=None, status=None)) after connection broken by 'NewConnectionError('<urllib3.connection.HTTPConnection object at 0x0000019899A0E290>: Failed to establish a new connection: [WinError 10061] No connection could be made because the target machine actively refused it')': /session/b78913eb2871601c44f76edbd6697063/url
18-Dec-22 01:11:49 - ERROR - LOGIN ISSUE
18-Dec-22 01:11:53 - WARNING - Retrying (Retry(total=2, connect=None, read=None, redirect=None, status=None)) after connection broken by 'NewConnectionError('<urllib3.connection.HTTPConnection object at 0x0000019899A0ED40>: Failed to establish a new connection: [WinError 10061] No connection could be made because the target machine actively refused it')': /session/b78913eb2871601c44f76edbd6697063/url
18-Dec-22 01:11:57 - WARNING - Retrying (Retry(total=1, connect=None, read=None, redirect=None, status=None)) after connection broken by 'NewConnectionError('<urllib3.connection.HTTPConnection object at 0x0000019899A0ED10>: Failed to establish a new connection: [WinError 10061] No connection could be made because the target machine actively refused it')': /session/b78913eb2871601c44f76edbd6697063/url
18-Dec-22 01:12:01 - WARNING - Retrying (Retry(total=0, connect=None, read=None, redirect=None, status=None)) after connection broken by 'NewConnectionError('<urllib3.connection.HTTPConnection object at 0x0000019899A0DA20>: Failed to establish a new connection: [WinError 10061] No connection could be made because the target machine actively refused it')': /session/b78913eb2871601c44f76edbd6697063/url
18-Dec-22 01:12:05 - ERROR - LOGIN ISSUE
18-Dec-22 01:12:09 - WARNING - Retrying (Retry(total=2, connect=None, read=None, redirect=None, status=None)) after connection broken by 'NewConnectionError('<urllib3.connection.HTTPConnection object at 0x0000019899A0D9C0>: Failed to establish a new connection: [WinError 10061] No connection could be made because the target machine actively refused it')': /session/b78913eb2871601c44f76edbd6697063/url
18-Dec-22 01:12:13 - WARNING - Retrying (Retry(total=1, connect=None, read=None, redirect=None, status=None)) after connection broken by 'NewConnectionError('<urllib3.connection.HTTPConnection object at 0x0000019899A0EA40>: Failed to establish a new connection: [WinError 10061] No connection could be made because the target machine actively refused it')': /session/b78913eb2871601c44f76edbd6697063/url
18-Dec-22 01:12:18 - WARNING - Retrying (Retry(total=0, connect=None, read=None, redirect=None, status=None)) after connection broken by 'NewConnectionError('<urllib3.connection.HTTPConnection object at 0x0000019899A0FC10>: Failed to establish a new connection: [WinError 10061] No connection could be made because the target machine actively refused it')': /session/b78913eb2871601c44f76edbd6697063/url
18-Dec-22 01:12:22 - ERROR - LOGIN ISSUE
18-Dec-22 01:12:26 - WARNING - Retrying (Retry(total=2, connect=None, read=None, redirect=None, status=None)) after connection broken by 'NewConnectionError('<urllib3.connection.HTTPConnection object at 0x0000019899A0DFF0>: Failed to establish a new connection: [WinError 10061] No connection could be made because the target machine actively refused it')': /session/b78913eb2871601c44f76edbd6697063/url
18-Dec-22 01:12:30 - WARNING - Retrying (Retry(total=1, connect=None, read=None, redirect=None, status=None)) after connection broken by 'NewConnectionError('<urllib3.connection.HTTPConnection object at 0x0000019899A0E4A0>: Failed to establish a new connection: [WinError 10061] No connection could be made because the target machine actively refused it')': /session/b78913eb2871601c44f76edbd6697063/url
18-Dec-22 01:12:34 - WARNING - Retrying (Retry(total=0, connect=None, read=None, redirect=None, status=None)) after connection broken by 'NewConnectionError('<urllib3.connection.HTTPConnection object at 0x0000019899A0EDA0>: Failed to establish a new connection: [WinError 10061] No connection could be made because the target machine actively refused it')': /session/b78913eb2871601c44f76edbd6697063/url
18-Dec-22 01:12:38 - ERROR - LOGIN ISSUE
18-Dec-22 01:12:42 - WARNING - Retrying (Retry(total=2, connect=None, read=None, redirect=None, status=None)) after connection broken by 'NewConnectionError('<urllib3.connection.HTTPConnection object at 0x0000019899A0F010>: Failed to establish a new connection: [WinError 10061] No connection could be made because the target machine actively refused it')': /session/b78913eb2871601c44f76edbd6697063/url
18-Dec-22 01:12:46 - WARNING - Retrying (Retry(total=1, connect=None, read=None, redirect=None, status=None)) after connection broken by 'NewConnectionError('<urllib3.connection.HTTPConnection object at 0x0000019899A0DD80>: Failed to establish a new connection: [WinError 10061] No connection could be made because the target machine actively refused it')': /session/b78913eb2871601c44f76edbd6697063/url
18-Dec-22 01:12:50 - WARNING - Retrying (Retry(total=0, connect=None, read=None, redirect=None, status=None)) after connection broken by 'NewConnectionError('<urllib3.connection.HTTPConnection object at 0x0000019899A0E680>: Failed to establish a new connection: [WinError 10061] No connection could be made because the target machine actively refused it')': /session/b78913eb2871601c44f76edbd6697063/url
18-Dec-22 01:12:54 - ERROR - LOGIN ISSUE
18-Dec-22 01:12:58 - WARNING - Retrying (Retry(total=2, connect=None, read=None, redirect=None, status=None)) after connection broken by 'NewConnectionError('<urllib3.connection.HTTPConnection object at 0x0000019899A0EC80>: Failed to establish a new connection: [WinError 10061] No connection could be made because the target machine actively refused it')': /session/b78913eb2871601c44f76edbd6697063/url
18-Dec-22 01:13:02 - WARNING - Retrying (Retry(total=1, connect=None, read=None, redirect=None, status=None)) after connection broken by 'NewConnectionError('<urllib3.connection.HTTPConnection object at 0x0000019899A0EDD0>: Failed to establish a new connection: [WinError 10061] No connection could be made because the target machine actively refused it')': /session/b78913eb2871601c44f76edbd6697063/url
18-Dec-22 01:13:07 - WARNING - Retrying (Retry(total=0, connect=None, read=None, redirect=None, status=None)) after connection broken by 'NewConnectionError('<urllib3.connection.HTTPConnection object at 0x0000019899A0E0E0>: Failed to establish a new connection: [WinError 10061] No connection could be made because the target machine actively refused it')': /session/b78913eb2871601c44f76edbd6697063/url
18-Dec-22 01:13:11 - ERROR - LOGIN ISSUE
18-Dec-22 01:13:15 - WARNING - Retrying (Retry(total=2, connect=None, read=None, redirect=None, status=None)) after connection broken by 'NewConnectionError('<urllib3.connection.HTTPConnection object at 0x0000019899A0F190>: Failed to establish a new connection: [WinError 10061] No connection could be made because the target machine actively refused it')': /session/b78913eb2871601c44f76edbd6697063/url
18-Dec-22 01:13:19 - WARNING - Retrying (Retry(total=1, connect=None, read=None, redirect=None, status=None)) after connection broken by 'NewConnectionError('<urllib3.connection.HTTPConnection object at 0x0000019899A0EBC0>: Failed to establish a new connection: [WinError 10061] No connection could be made because the target machine actively refused it')': /session/b78913eb2871601c44f76edbd6697063/url
18-Dec-22 01:13:23 - WARNING - Retrying (Retry(total=0, connect=None, read=None, redirect=None, status=None)) after connection broken by 'NewConnectionError('<urllib3.connection.HTTPConnection object at 0x0000019899A9C0A0>: Failed to establish a new connection: [WinError 10061] No connection could be made because the target machine actively refused it')': /session/b78913eb2871601c44f76edbd6697063/url
18-Dec-22 01:13:27 - ERROR - LOGIN ISSUE
18-Dec-22 01:13:31 - WARNING - Retrying (Retry(total=2, connect=None, read=None, redirect=None, status=None)) after connection broken by 'NewConnectionError('<urllib3.connection.HTTPConnection object at 0x0000019899A0FFD0>: Failed to establish a new connection: [WinError 10061] No connection could be made because the target machine actively refused it')': /session/b78913eb2871601c44f76edbd6697063/url
18-Dec-22 01:13:35 - WARNING - Retrying (Retry(total=1, connect=None, read=None, redirect=None, status=None)) after connection broken by 'NewConnectionError('<urllib3.connection.HTTPConnection object at 0x0000019899A0EF80>: Failed to establish a new connection: [WinError 10061] No connection could be made because the target machine actively refused it')': /session/b78913eb2871601c44f76edbd6697063/url
18-Dec-22 01:13:39 - WARNING - Retrying (Retry(total=0, connect=None, read=None, redirect=None, status=None)) after connection broken by 'NewConnectionError('<urllib3.connection.HTTPConnection object at 0x0000019899A0EE90>: Failed to establish a new connection: [WinError 10061] No connection could be made because the target machine actively refused it')': /session/b78913eb2871601c44f76edbd6697063/url
18-Dec-22 01:13:43 - ERROR - LOGIN ISSUE
18-Dec-22 01:13:47 - WARNING - Retrying (Retry(total=2, connect=None, read=None, redirect=None, status=None)) after connection broken by 'NewConnectionError('<urllib3.connection.HTTPConnection object at 0x0000019899A0E170>: Failed to establish a new connection: [WinError 10061] No connection could be made because the target machine actively refused it')': /session/b78913eb2871601c44f76edbd6697063/url
18-Dec-22 01:13:51 - WARNING - Retrying (Retry(total=1, connect=None, read=None, redirect=None, status=None)) after connection broken by 'NewConnectionError('<urllib3.connection.HTTPConnection object at 0x0000019899A0DEA0>: Failed to establish a new connection: [WinError 10061] No connection could be made because the target machine actively refused it')': /session/b78913eb2871601c44f76edbd6697063/url
18-Dec-22 01:13:56 - WARNING - Retrying (Retry(total=0, connect=None, read=None, redirect=None, status=None)) after connection broken by 'NewConnectionError('<urllib3.connection.HTTPConnection object at 0x0000019899A0D540>: Failed to establish a new connection: [WinError 10061] No connection could be made because the target machine actively refused it')': /session/b78913eb2871601c44f76edbd6697063/url
18-Dec-22 01:14:00 - ERROR - LOGIN ISSUE
18-Dec-22 01:14:04 - WARNING - Retrying (Retry(total=2, connect=None, read=None, redirect=None, status=None)) after connection broken by 'NewConnectionError('<urllib3.connection.HTTPConnection object at 0x0000019899A0E710>: Failed to establish a new connection: [WinError 10061] No connection could be made because the target machine actively refused it')': /session/b78913eb2871601c44f76edbd6697063/url
18-Dec-22 01:14:08 - WARNING - Retrying (Retry(total=1, connect=None, read=None, redirect=None, status=None)) after connection broken by 'NewConnectionError('<urllib3.connection.HTTPConnection object at 0x0000019899A0E440>: Failed to establish a new connection: [WinError 10061] No connection could be made because the target machine actively refused it')': /session/b78913eb2871601c44f76edbd6697063/url
18-Dec-22 01:14:12 - WARNING - Retrying (Retry(total=0, connect=None, read=None, redirect=None, status=None)) after connection broken by 'NewConnectionError('<urllib3.connection.HTTPConnection object at 0x0000019899A0E1A0>: Failed to establish a new connection: [WinError 10061] No connection could be made because the target machine actively refused it')': /session/b78913eb2871601c44f76edbd6697063/url
18-Dec-22 01:14:16 - ERROR - LOGIN ISSUE
18-Dec-22 01:14:20 - WARNING - Retrying (Retry(total=2, connect=None, read=None, redirect=None, status=None)) after connection broken by 'NewConnectionError('<urllib3.connection.HTTPConnection object at 0x0000019899A0F790>: Failed to establish a new connection: [WinError 10061] No connection could be made because the target machine actively refused it')': /session/b78913eb2871601c44f76edbd6697063/url
18-Dec-22 01:14:24 - WARNING - Retrying (Retry(total=1, connect=None, read=None, redirect=None, status=None)) after connection broken by 'NewConnectionError('<urllib3.connection.HTTPConnection object at 0x0000019899A0E9B0>: Failed to establish a new connection: [WinError 10061] No connection could be made because the target machine actively refused it')': /session/b78913eb2871601c44f76edbd6697063/url
18-Dec-22 01:14:28 - WARNING - Retrying (Retry(total=0, connect=None, read=None, redirect=None, status=None)) after connection broken by 'NewConnectionError('<urllib3.connection.HTTPConnection object at 0x0000019899A0EA70>: Failed to establish a new connection: [WinError 10061] No connection could be made because the target machine actively refused it')': /session/b78913eb2871601c44f76edbd6697063/url
18-Dec-22 01:14:32 - ERROR - LOGIN ISSUE
18-Dec-22 01:14:36 - WARNING - Retrying (Retry(total=2, connect=None, read=None, redirect=None, status=None)) after connection broken by 'NewConnectionError('<urllib3.connection.HTTPConnection object at 0x0000019899A0D8A0>: Failed to establish a new connection: [WinError 10061] No connection could be made because the target machine actively refused it')': /session/b78913eb2871601c44f76edbd6697063/url
18-Dec-22 01:14:40 - WARNING - Retrying (Retry(total=1, connect=None, read=None, redirect=None, status=None)) after connection broken by 'NewConnectionError('<urllib3.connection.HTTPConnection object at 0x0000019899A9C3D0>: Failed to establish a new connection: [WinError 10061] No connection could be made because the target machine actively refused it')': /session/b78913eb2871601c44f76edbd6697063/url
18-Dec-22 01:14:44 - WARNING - Retrying (Retry(total=0, connect=None, read=None, redirect=None, status=None)) after connection broken by 'NewConnectionError('<urllib3.connection.HTTPConnection object at 0x0000019899A9C520>: Failed to establish a new connection: [WinError 10061] No connection could be made because the target machine actively refused it')': /session/b78913eb2871601c44f76edbd6697063/url
18-Dec-22 01:14:49 - ERROR - LOGIN ISSUE
18-Dec-22 01:14:53 - WARNING - Retrying (Retry(total=2, connect=None, read=None, redirect=None, status=None)) after connection broken by 'NewConnectionError('<urllib3.connection.HTTPConnection object at 0x0000019899A0E290>: Failed to establish a new connection: [WinError 10061] No connection could be made because the target machine actively refused it')': /session/b78913eb2871601c44f76edbd6697063/url
18-Dec-22 01:14:57 - WARNING - Retrying (Retry(total=1, connect=None, read=None, redirect=None, status=None)) after connection broken by 'NewConnectionError('<urllib3.connection.HTTPConnection object at 0x0000019899A0FA90>: Failed to establish a new connection: [WinError 10061] No connection could be made because the target machine actively refused it')': /session/b78913eb2871601c44f76edbd6697063/url
18-Dec-22 01:15:01 - WARNING - Retrying (Retry(total=0, connect=None, read=None, redirect=None, status=None)) after connection broken by 'NewConnectionError('<urllib3.connection.HTTPConnection object at 0x0000019899A0F730>: Failed to establish a new connection: [WinError 10061] No connection could be made because the target machine actively refused it')': /session/b78913eb2871601c44f76edbd6697063/url
18-Dec-22 01:15:05 - ERROR - LOGIN ISSUE
18-Dec-22 01:15:09 - WARNING - Retrying (Retry(total=2, connect=None, read=None, redirect=None, status=None)) after connection broken by 'NewConnectionError('<urllib3.connection.HTTPConnection object at 0x0000019899A0DCF0>: Failed to establish a new connection: [WinError 10061] No connection could be made because the target machine actively refused it')': /session/b78913eb2871601c44f76edbd6697063/url
18-Dec-22 01:15:13 - WARNING - Retrying (Retry(total=1, connect=None, read=None, redirect=None, status=None)) after connection broken by 'NewConnectionError('<urllib3.connection.HTTPConnection object at 0x0000019899A0E560>: Failed to establish a new connection: [WinError 10061] No connection could be made because the target machine actively refused it')': /session/b78913eb2871601c44f76edbd6697063/url
18-Dec-22 01:15:17 - WARNING - Retrying (Retry(total=0, connect=None, read=None, redirect=None, status=None)) after connection broken by 'NewConnectionError('<urllib3.connection.HTTPConnection object at 0x0000019899A0E920>: Failed to establish a new connection: [WinError 10061] No connection could be made because the target machine actively refused it')': /session/b78913eb2871601c44f76edbd6697063/url
18-Dec-22 01:15:21 - ERROR - LOGIN ISSUE
18-Dec-22 01:15:25 - WARNING - Retrying (Retry(total=2, connect=None, read=None, redirect=None, status=None)) after connection broken by 'NewConnectionError('<urllib3.connection.HTTPConnection object at 0x0000019899A0F640>: Failed to establish a new connection: [WinError 10061] No connection could be made because the target machine actively refused it')': /session/b78913eb2871601c44f76edbd6697063/url
18-Dec-22 01:15:29 - WARNING - Retrying (Retry(total=1, connect=None, read=None, redirect=None, status=None)) after connection broken by 'NewConnectionError('<urllib3.connection.HTTPConnection object at 0x0000019899A0E350>: Failed to establish a new connection: [WinError 10061] No connection could be made because the target machine actively refused it')': /session/b78913eb2871601c44f76edbd6697063/url
18-Dec-22 01:15:33 - WARNING - Retrying (Retry(total=0, connect=None, read=None, redirect=None, status=None)) after connection broken by 'NewConnectionError('<urllib3.connection.HTTPConnection object at 0x0000019899A0E380>: Failed to establish a new connection: [WinError 10061] No connection could be made because the target machine actively refused it')': /session/b78913eb2871601c44f76edbd6697063/url
18-Dec-22 01:15:37 - ERROR - LOGIN ISSUE
18-Dec-22 01:15:41 - WARNING - Retrying (Retry(total=2, connect=None, read=None, redirect=None, status=None)) after connection broken by 'NewConnectionError('<urllib3.connection.HTTPConnection object at 0x0000019899A0F5B0>: Failed to establish a new connection: [WinError 10061] No connection could be made because the target machine actively refused it')': /session/b78913eb2871601c44f76edbd6697063/url
18-Dec-22 01:15:46 - WARNING - Retrying (Retry(total=1, connect=None, read=None, redirect=None, status=None)) after connection broken by 'NewConnectionError('<urllib3.connection.HTTPConnection object at 0x0000019899A0DDB0>: Failed to establish a new connection: [WinError 10061] No connection could be made because the target machine actively refused it')': /session/b78913eb2871601c44f76edbd6697063/url
18-Dec-22 01:15:50 - WARNING - Retrying (Retry(total=0, connect=None, read=None, redirect=None, status=None)) after connection broken by 'NewConnectionError('<urllib3.connection.HTTPConnection object at 0x0000019899A0DDE0>: Failed to establish a new connection: [WinError 10061] No connection could be made because the target machine actively refused it')': /session/b78913eb2871601c44f76edbd6697063/url
18-Dec-22 01:15:54 - ERROR - LOGIN ISSUE
18-Dec-22 01:15:58 - WARNING - Retrying (Retry(total=2, connect=None, read=None, redirect=None, status=None)) after connection broken by 'NewConnectionError('<urllib3.connection.HTTPConnection object at 0x0000019899A9C790>: Failed to establish a new connection: [WinError 10061] No connection could be made because the target machine actively refused it')': /session/b78913eb2871601c44f76edbd6697063/url
18-Dec-22 01:16:02 - WARNING - Retrying (Retry(total=1, connect=None, read=None, redirect=None, status=None)) after connection broken by 'NewConnectionError('<urllib3.connection.HTTPConnection object at 0x0000019899A9C880>: Failed to establish a new connection: [WinError 10061] No connection could be made because the target machine actively refused it')': /session/b78913eb2871601c44f76edbd6697063/url
18-Dec-22 01:16:06 - WARNING - Retrying (Retry(total=0, connect=None, read=None, redirect=None, status=None)) after connection broken by 'NewConnectionError('<urllib3.connection.HTTPConnection object at 0x0000019899A9C9D0>: Failed to establish a new connection: [WinError 10061] No connection could be made because the target machine actively refused it')': /session/b78913eb2871601c44f76edbd6697063/url
18-Dec-22 01:16:10 - ERROR - LOGIN ISSUE
18-Dec-22 01:16:14 - WARNING - Retrying (Retry(total=2, connect=None, read=None, redirect=None, status=None)) after connection broken by 'NewConnectionError('<urllib3.connection.HTTPConnection object at 0x0000019899A0F610>: Failed to establish a new connection: [WinError 10061] No connection could be made because the target machine actively refused it')': /session/b78913eb2871601c44f76edbd6697063/url
18-Dec-22 01:16:18 - WARNING - Retrying (Retry(total=1, connect=None, read=None, redirect=None, status=None)) after connection broken by 'NewConnectionError('<urllib3.connection.HTTPConnection object at 0x0000019899A0E0E0>: Failed to establish a new connection: [WinError 10061] No connection could be made because the target machine actively refused it')': /session/b78913eb2871601c44f76edbd6697063/url
18-Dec-22 01:16:22 - WARNING - Retrying (Retry(total=0, connect=None, read=None, redirect=None, status=None)) after connection broken by 'NewConnectionError('<urllib3.connection.HTTPConnection object at 0x0000019899A0EF80>: Failed to establish a new connection: [WinError 10061] No connection could be made because the target machine actively refused it')': /session/b78913eb2871601c44f76edbd6697063/url
18-Dec-22 01:16:26 - ERROR - LOGIN ISSUE
18-Dec-22 01:16:30 - WARNING - Retrying (Retry(total=2, connect=None, read=None, redirect=None, status=None)) after connection broken by 'NewConnectionError('<urllib3.connection.HTTPConnection object at 0x0000019899A0E170>: Failed to establish a new connection: [WinError 10061] No connection could be made because the target machine actively refused it')': /session/b78913eb2871601c44f76edbd6697063/url
18-Dec-22 01:16:35 - WARNING - Retrying (Retry(total=1, connect=None, read=None, redirect=None, status=None)) after connection broken by 'NewConnectionError('<urllib3.connection.HTTPConnection object at 0x0000019899A0E680>: Failed to establish a new connection: [WinError 10061] No connection could be made because the target machine actively refused it')': /session/b78913eb2871601c44f76edbd6697063/url
18-Dec-22 01:16:39 - WARNING - Retrying (Retry(total=0, connect=None, read=None, redirect=None, status=None)) after connection broken by 'NewConnectionError('<urllib3.connection.HTTPConnection object at 0x0000019899A0DEA0>: Failed to establish a new connection: [WinError 10061] No connection could be made because the target machine actively refused it')': /session/b78913eb2871601c44f76edbd6697063/url
18-Dec-22 01:16:43 - ERROR - LOGIN ISSUE
18-Dec-22 01:16:47 - WARNING - Retrying (Retry(total=2, connect=None, read=None, redirect=None, status=None)) after connection broken by 'NewConnectionError('<urllib3.connection.HTTPConnection object at 0x0000019899A0E710>: Failed to establish a new connection: [WinError 10061] No connection could be made because the target machine actively refused it')': /session/b78913eb2871601c44f76edbd6697063/url
18-Dec-22 01:16:51 - WARNING - Retrying (Retry(total=1, connect=None, read=None, redirect=None, status=None)) after connection broken by 'NewConnectionError('<urllib3.connection.HTTPConnection object at 0x0000019899A0EDA0>: Failed to establish a new connection: [WinError 10061] No connection could be made because the target machine actively refused it')': /session/b78913eb2871601c44f76edbd6697063/url
18-Dec-22 01:16:55 - WARNING - Retrying (Retry(total=0, connect=None, read=None, redirect=None, status=None)) after connection broken by 'NewConnectionError('<urllib3.connection.HTTPConnection object at 0x0000019899A0E440>: Failed to establish a new connection: [WinError 10061] No connection could be made because the target machine actively refused it')': /session/b78913eb2871601c44f76edbd6697063/url
18-Dec-22 01:16:59 - ERROR - LOGIN ISSUE
18-Dec-22 01:17:03 - WARNING - Retrying (Retry(total=2, connect=None, read=None, redirect=None, status=None)) after connection broken by 'NewConnectionError('<urllib3.connection.HTTPConnection object at 0x0000019899A0F790>: Failed to establish a new connection: [WinError 10061] No connection could be made because the target machine actively refused it')': /session/b78913eb2871601c44f76edbd6697063/url
18-Dec-22 01:17:07 - WARNING - Retrying (Retry(total=1, connect=None, read=None, redirect=None, status=None)) after connection broken by 'NewConnectionError('<urllib3.connection.HTTPConnection object at 0x0000019899A0FC10>: Failed to establish a new connection: [WinError 10061] No connection could be made because the target machine actively refused it')': /session/b78913eb2871601c44f76edbd6697063/url
18-Dec-22 01:17:11 - WARNING - Retrying (Retry(total=0, connect=None, read=None, redirect=None, status=None)) after connection broken by 'NewConnectionError('<urllib3.connection.HTTPConnection object at 0x0000019899A0E9B0>: Failed to establish a new connection: [WinError 10061] No connection could be made because the target machine actively refused it')': /session/b78913eb2871601c44f76edbd6697063/url
18-Dec-22 01:17:16 - ERROR - LOGIN ISSUE
18-Dec-22 01:17:20 - WARNING - Retrying (Retry(total=2, connect=None, read=None, redirect=None, status=None)) after connection broken by 'NewConnectionError('<urllib3.connection.HTTPConnection object at 0x0000019899A9CC40>: Failed to establish a new connection: [WinError 10061] No connection could be made because the target machine actively refused it')': /session/b78913eb2871601c44f76edbd6697063/url
18-Dec-22 01:17:24 - WARNING - Retrying (Retry(total=1, connect=None, read=None, redirect=None, status=None)) after connection broken by 'NewConnectionError('<urllib3.connection.HTTPConnection object at 0x0000019899A9CD30>: Failed to establish a new connection: [WinError 10061] No connection could be made because the target machine actively refused it')': /session/b78913eb2871601c44f76edbd6697063/url
18-Dec-22 01:17:28 - WARNING - Retrying (Retry(total=0, connect=None, read=None, redirect=None, status=None)) after connection broken by 'NewConnectionError('<urllib3.connection.HTTPConnection object at 0x0000019899A9CE80>: Failed to establish a new connection: [WinError 10061] No connection could be made because the target machine actively refused it')': /session/b78913eb2871601c44f76edbd6697063/url
18-Dec-22 01:17:32 - ERROR - LOGIN ISSUE
18-Dec-22 01:17:36 - WARNING - Retrying (Retry(total=2, connect=None, read=None, redirect=None, status=None)) after connection broken by 'NewConnectionError('<urllib3.connection.HTTPConnection object at 0x0000019899A0F940>: Failed to establish a new connection: [WinError 10061] No connection could be made because the target machine actively refused it')': /session/b78913eb2871601c44f76edbd6697063/url
18-Dec-22 01:17:40 - WARNING - Retrying (Retry(total=1, connect=None, read=None, redirect=None, status=None)) after connection broken by 'NewConnectionError('<urllib3.connection.HTTPConnection object at 0x0000019899A0E9B0>: Failed to establish a new connection: [WinError 10061] No connection could be made because the target machine actively refused it')': /session/b78913eb2871601c44f76edbd6697063/url
18-Dec-22 01:17:44 - WARNING - Retrying (Retry(total=0, connect=None, read=None, redirect=None, status=None)) after connection broken by 'NewConnectionError('<urllib3.connection.HTTPConnection object at 0x0000019899A0FA90>: Failed to establish a new connection: [WinError 10061] No connection could be made because the target machine actively refused it')': /session/b78913eb2871601c44f76edbd6697063/url
18-Dec-22 01:17:48 - ERROR - LOGIN ISSUE
18-Dec-22 01:17:52 - WARNING - Retrying (Retry(total=2, connect=None, read=None, redirect=None, status=None)) after connection broken by 'NewConnectionError('<urllib3.connection.HTTPConnection object at 0x0000019899A0E2C0>: Failed to establish a new connection: [WinError 10061] No connection could be made because the target machine actively refused it')': /session/b78913eb2871601c44f76edbd6697063/url
18-Dec-22 01:17:56 - WARNING - Retrying (Retry(total=1, connect=None, read=None, redirect=None, status=None)) after connection broken by 'NewConnectionError('<urllib3.connection.HTTPConnection object at 0x0000019899A0E440>: Failed to establish a new connection: [WinError 10061] No connection could be made because the target machine actively refused it')': /session/b78913eb2871601c44f76edbd6697063/url
18-Dec-22 01:18:01 - WARNING - Retrying (Retry(total=0, connect=None, read=None, redirect=None, status=None)) after connection broken by 'NewConnectionError('<urllib3.connection.HTTPConnection object at 0x0000019899A0E560>: Failed to establish a new connection: [WinError 10061] No connection could be made because the target machine actively refused it')': /session/b78913eb2871601c44f76edbd6697063/url
18-Dec-22 01:18:05 - ERROR - LOGIN ISSUE
18-Dec-22 01:18:09 - WARNING - Retrying (Retry(total=2, connect=None, read=None, redirect=None, status=None)) after connection broken by 'NewConnectionError('<urllib3.connection.HTTPConnection object at 0x0000019899A0DD20>: Failed to establish a new connection: [WinError 10061] No connection could be made because the target machine actively refused it')': /session/b78913eb2871601c44f76edbd6697063/url
18-Dec-22 01:18:13 - WARNING - Retrying (Retry(total=1, connect=None, read=None, redirect=None, status=None)) after connection broken by 'NewConnectionError('<urllib3.connection.HTTPConnection object at 0x0000019899A0DEA0>: Failed to establish a new connection: [WinError 10061] No connection could be made because the target machine actively refused it')': /session/b78913eb2871601c44f76edbd6697063/url
18-Dec-22 01:18:17 - WARNING - Retrying (Retry(total=0, connect=None, read=None, redirect=None, status=None)) after connection broken by 'NewConnectionError('<urllib3.connection.HTTPConnection object at 0x0000019899A0E350>: Failed to establish a new connection: [WinError 10061] No connection could be made because the target machine actively refused it')': /session/b78913eb2871601c44f76edbd6697063/url
18-Dec-22 01:18:21 - ERROR - LOGIN ISSUE
18-Dec-22 01:18:25 - WARNING - Retrying (Retry(total=2, connect=None, read=None, redirect=None, status=None)) after connection broken by 'NewConnectionError('<urllib3.connection.HTTPConnection object at 0x0000019899A0F070>: Failed to establish a new connection: [WinError 10061] No connection could be made because the target machine actively refused it')': /session/b78913eb2871601c44f76edbd6697063/url
18-Dec-22 01:18:29 - WARNING - Retrying (Retry(total=1, connect=None, read=None, redirect=None, status=None)) after connection broken by 'NewConnectionError('<urllib3.connection.HTTPConnection object at 0x0000019899A0EF80>: Failed to establish a new connection: [WinError 10061] No connection could be made because the target machine actively refused it')': /session/b78913eb2871601c44f76edbd6697063/url
18-Dec-22 01:18:33 - WARNING - Retrying (Retry(total=0, connect=None, read=None, redirect=None, status=None)) after connection broken by 'NewConnectionError('<urllib3.connection.HTTPConnection object at 0x0000019899A0DDB0>: Failed to establish a new connection: [WinError 10061] No connection could be made because the target machine actively refused it')': /session/b78913eb2871601c44f76edbd6697063/url
18-Dec-22 01:18:37 - ERROR - LOGIN ISSUE
18-Dec-22 01:18:42 - WARNING - Retrying (Retry(total=2, connect=None, read=None, redirect=None, status=None)) after connection broken by 'NewConnectionError('<urllib3.connection.HTTPConnection object at 0x0000019899A9D0F0>: Failed to establish a new connection: [WinError 10061] No connection could be made because the target machine actively refused it')': /session/b78913eb2871601c44f76edbd6697063/url
18-Dec-22 01:18:46 - WARNING - Retrying (Retry(total=1, connect=None, read=None, redirect=None, status=None)) after connection broken by 'NewConnectionError('<urllib3.connection.HTTPConnection object at 0x0000019899A9D1E0>: Failed to establish a new connection: [WinError 10061] No connection could be made because the target machine actively refused it')': /session/b78913eb2871601c44f76edbd6697063/url
18-Dec-22 01:18:50 - WARNING - Retrying (Retry(total=0, connect=None, read=None, redirect=None, status=None)) after connection broken by 'NewConnectionError('<urllib3.connection.HTTPConnection object at 0x0000019899A9D330>: Failed to establish a new connection: [WinError 10061] No connection could be made because the target machine actively refused it')': /session/b78913eb2871601c44f76edbd6697063/url
18-Dec-22 01:18:54 - ERROR - LOGIN ISSUE
18-Dec-22 01:18:58 - WARNING - Retrying (Retry(total=2, connect=None, read=None, redirect=None, status=None)) after connection broken by 'NewConnectionError('<urllib3.connection.HTTPConnection object at 0x0000019899A0DE10>: Failed to establish a new connection: [WinError 10061] No connection could be made because the target machine actively refused it')': /session/b78913eb2871601c44f76edbd6697063/url
18-Dec-22 01:19:02 - WARNING - Retrying (Retry(total=1, connect=None, read=None, redirect=None, status=None)) after connection broken by 'NewConnectionError('<urllib3.connection.HTTPConnection object at 0x0000019899A0DDB0>: Failed to establish a new connection: [WinError 10061] No connection could be made because the target machine actively refused it')': /session/b78913eb2871601c44f76edbd6697063/url
18-Dec-22 01:19:06 - WARNING - Retrying (Retry(total=0, connect=None, read=None, redirect=None, status=None)) after connection broken by 'NewConnectionError('<urllib3.connection.HTTPConnection object at 0x0000019899A0EDD0>: Failed to establish a new connection: [WinError 10061] No connection could be made because the target machine actively refused it')': /session/b78913eb2871601c44f76edbd6697063/url
18-Dec-22 01:19:10 - ERROR - LOGIN ISSUE
18-Dec-22 01:19:14 - WARNING - Retrying (Retry(total=2, connect=None, read=None, redirect=None, status=None)) after connection broken by 'NewConnectionError('<urllib3.connection.HTTPConnection object at 0x0000019899A0E3B0>: Failed to establish a new connection: [WinError 10061] No connection could be made because the target machine actively refused it')': /session/b78913eb2871601c44f76edbd6697063/url
18-Dec-22 01:19:18 - WARNING - Retrying (Retry(total=1, connect=None, read=None, redirect=None, status=None)) after connection broken by 'NewConnectionError('<urllib3.connection.HTTPConnection object at 0x0000019899A0E350>: Failed to establish a new connection: [WinError 10061] No connection could be made because the target machine actively refused it')': /session/b78913eb2871601c44f76edbd6697063/url
18-Dec-22 01:19:22 - WARNING - Retrying (Retry(total=0, connect=None, read=None, redirect=None, status=None)) after connection broken by 'NewConnectionError('<urllib3.connection.HTTPConnection object at 0x0000019899A0DD80>: Failed to establish a new connection: [WinError 10061] No connection could be made because the target machine actively refused it')': /session/b78913eb2871601c44f76edbd6697063/url
18-Dec-22 01:19:27 - ERROR - LOGIN ISSUE
18-Dec-22 01:19:31 - WARNING - Retrying (Retry(total=2, connect=None, read=None, redirect=None, status=None)) after connection broken by 'NewConnectionError('<urllib3.connection.HTTPConnection object at 0x0000019899A0E980>: Failed to establish a new connection: [WinError 10061] No connection could be made because the target machine actively refused it')': /session/b78913eb2871601c44f76edbd6697063/url
